<?xml version="1.0" encoding="UTF-8"?>
<testsuite name="com.guestbook.services.GuestBookServiceTest" tests="2" skipped="0" failures="0" errors="0" timestamp="2018-09-04T04:16:22" hostname="Faizals-MacBook-Pro.local" time="0.007">
  <properties/>
  <testcase name="shouldCallGuestBookRepositorySave" classname="com.guestbook.services.GuestBookServiceTest" time="0.003"/>
  <testcase name="shouldCallGuestBookRepositoryGet" classname="com.guestbook.services.GuestBookServiceTest" time="0.001"/>
  <system-out><![CDATA[]]></system-out>
  <system-err><![CDATA[]]></system-err>
</testsuite>
