<?xml version="1.0" encoding="UTF-8"?>
<testsuite name="com.guestbook.repositories.GuestBookRepositoryTest" tests="2" skipped="0" failures="0" errors="0" timestamp="2018-09-04T03:14:22" hostname="Faizals-MacBook-Pro.local" time="0.001">
  <properties/>
  <testcase name="shouldGetAllDataFromList" classname="com.guestbook.repositories.GuestBookRepositoryTest" time="0.0"/>
  <testcase name="shouldIncreaseSizeAndId" classname="com.guestbook.repositories.GuestBookRepositoryTest" time="0.001"/>
  <system-out><![CDATA[]]></system-out>
  <system-err><![CDATA[]]></system-err>
</testsuite>
